{
  "instant" : {
    "epochSecond" : 1714401604,
    "nanoOfSecond" : 857662800
  },
  "thread" : "restartedMain",
  "level" : "INFO",
  "loggerName" : "com.projects.spotifyclone.SpotifycloneApplication",
  "message" : "Starting SpotifycloneApplication using Java 17.0.9 with PID 6876 (E:\\Projets\\Personnels\\Spring\\spotifyclone\\target\\classes started by DELL in E:\\Projets\\Personnels\\Spring\\spotifyclone)",
  "endOfBatch" : false,
  "loggerFqcn" : "org.apache.commons.logging.LogAdapter$Log4jLog",
  "threadId" : 19,
  "threadPriority" : 5,
  "service" : "spotify-clone"
}
{
  "instant" : {
    "epochSecond" : 1714401604,
    "nanoOfSecond" : 789666100
  },
  "thread" : "background-preinit",
  "level" : "INFO",
  "loggerName" : "org.hibernate.validator.internal.util.Version",
  "message" : "HV000001: Hibernate Validator 8.0.1.Final",
  "endOfBatch" : false,
  "loggerFqcn" : "org.hibernate.validator.internal.util.logging.Log_$logger",
  "threadId" : 21,
  "threadPriority" : 5,
  "service" : "spotify-clone"
}
{
  "instant" : {
    "epochSecond" : 1714401604,
    "nanoOfSecond" : 955666100
  },
  "thread" : "restartedMain",
  "level" : "INFO",
  "loggerName" : "com.projects.spotifyclone.SpotifycloneApplication",
  "message" : "No active profile set, falling back to 1 default profile: \"default\"",
  "endOfBatch" : false,
  "loggerFqcn" : "org.apache.commons.logging.LogAdapter$Log4jLog",
  "threadId" : 19,
  "threadPriority" : 5,
  "service" : "spotify-clone"
}
{
  "instant" : {
    "epochSecond" : 1714401605,
    "nanoOfSecond" : 49664200
  },
  "thread" : "restartedMain",
  "level" : "INFO",
  "loggerName" : "org.springframework.boot.devtools.env.DevToolsPropertyDefaultsPostProcessor",
  "message" : "Devtools property defaults active! Set 'spring.devtools.add-properties' to 'false' to disable",
  "endOfBatch" : false,
  "loggerFqcn" : "org.apache.commons.logging.LogAdapter$Log4jLog",
  "threadId" : 19,
  "threadPriority" : 5,
  "service" : "spotify-clone"
}
{
  "instant" : {
    "epochSecond" : 1714401605,
    "nanoOfSecond" : 50666000
  },
  "thread" : "restartedMain",
  "level" : "INFO",
  "loggerName" : "org.springframework.boot.devtools.env.DevToolsPropertyDefaultsPostProcessor",
  "message" : "For additional web related logging consider setting the 'logging.level.web' property to 'DEBUG'",
  "endOfBatch" : false,
  "loggerFqcn" : "org.apache.commons.logging.LogAdapter$Log4jLog",
  "threadId" : 19,
  "threadPriority" : 5,
  "service" : "spotify-clone"
}
{
  "instant" : {
    "epochSecond" : 1714401606,
    "nanoOfSecond" : 97685500
  },
  "thread" : "restartedMain",
  "level" : "INFO",
  "loggerName" : "org.springframework.data.repository.config.RepositoryConfigurationDelegate",
  "message" : "Multiple Spring Data modules found, entering strict repository configuration mode",
  "endOfBatch" : false,
  "loggerFqcn" : "org.apache.commons.logging.LogAdapter$Log4jLog",
  "threadId" : 19,
  "threadPriority" : 5,
  "service" : "spotify-clone"
}
{
  "instant" : {
    "epochSecond" : 1714401606,
    "nanoOfSecond" : 100683400
  },
  "thread" : "restartedMain",
  "level" : "INFO",
  "loggerName" : "org.springframework.data.repository.config.RepositoryConfigurationDelegate",
  "message" : "Bootstrapping Spring Data JDBC repositories in DEFAULT mode.",
  "endOfBatch" : false,
  "loggerFqcn" : "org.apache.commons.logging.LogAdapter$Log4jLog",
  "threadId" : 19,
  "threadPriority" : 5,
  "service" : "spotify-clone"
}
{
  "instant" : {
    "epochSecond" : 1714401606,
    "nanoOfSecond" : 147663700
  },
  "thread" : "restartedMain",
  "level" : "INFO",
  "loggerName" : "org.springframework.data.repository.config.RepositoryConfigurationExtensionSupport",
  "message" : "Spring Data JDBC - Could not safely identify store assignment for repository candidate interface com.projects.spotifyclone.repository.UserRepository; If you want this repository to be a JDBC repository, consider annotating your entities with one of these annotations: org.springframework.data.relational.core.mapping.Table.",
  "endOfBatch" : false,
  "loggerFqcn" : "org.apache.commons.logging.LogAdapter$Log4jLog",
  "threadId" : 19,
  "threadPriority" : 5,
  "service" : "spotify-clone"
}
{
  "instant" : {
    "epochSecond" : 1714401606,
    "nanoOfSecond" : 148662800
  },
  "thread" : "restartedMain",
  "level" : "INFO",
  "loggerName" : "org.springframework.data.repository.config.RepositoryConfigurationDelegate",
  "message" : "Finished Spring Data repository scanning in 42 ms. Found 0 JDBC repository interfaces.",
  "endOfBatch" : false,
  "loggerFqcn" : "org.apache.commons.logging.LogAdapter$Log4jLog",
  "threadId" : 19,
  "threadPriority" : 5,
  "service" : "spotify-clone"
}
{
  "instant" : {
    "epochSecond" : 1714401606,
    "nanoOfSecond" : 163683400
  },
  "thread" : "restartedMain",
  "level" : "INFO",
  "loggerName" : "org.springframework.data.repository.config.RepositoryConfigurationDelegate",
  "message" : "Multiple Spring Data modules found, entering strict repository configuration mode",
  "endOfBatch" : false,
  "loggerFqcn" : "org.apache.commons.logging.LogAdapter$Log4jLog",
  "threadId" : 19,
  "threadPriority" : 5,
  "service" : "spotify-clone"
}
{
  "instant" : {
    "epochSecond" : 1714401606,
    "nanoOfSecond" : 164683500
  },
  "thread" : "restartedMain",
  "level" : "INFO",
  "loggerName" : "org.springframework.data.repository.config.RepositoryConfigurationDelegate",
  "message" : "Bootstrapping Spring Data JPA repositories in DEFAULT mode.",
  "endOfBatch" : false,
  "loggerFqcn" : "org.apache.commons.logging.LogAdapter$Log4jLog",
  "threadId" : 19,
  "threadPriority" : 5,
  "service" : "spotify-clone"
}
{
  "instant" : {
    "epochSecond" : 1714401606,
    "nanoOfSecond" : 202663300
  },
  "thread" : "restartedMain",
  "level" : "INFO",
  "loggerName" : "org.springframework.data.repository.config.RepositoryConfigurationDelegate",
  "message" : "Finished Spring Data repository scanning in 32 ms. Found 1 JPA repository interface.",
  "endOfBatch" : false,
  "loggerFqcn" : "org.apache.commons.logging.LogAdapter$Log4jLog",
  "threadId" : 19,
  "threadPriority" : 5,
  "service" : "spotify-clone"
}
{
  "instant" : {
    "epochSecond" : 1714401607,
    "nanoOfSecond" : 165664000
  },
  "thread" : "restartedMain",
  "level" : "INFO",
  "loggerName" : "org.springframework.boot.web.embedded.tomcat.TomcatWebServer",
  "message" : "Tomcat initialized with port 8081 (http)",
  "endOfBatch" : false,
  "loggerFqcn" : "org.apache.commons.logging.LogAdapter$Log4jLog",
  "threadId" : 19,
  "threadPriority" : 5,
  "service" : "spotify-clone"
}
{
  "instant" : {
    "epochSecond" : 1714401607,
    "nanoOfSecond" : 180668200
  },
  "thread" : "restartedMain",
  "level" : "INFO",
  "loggerName" : "org.apache.coyote.http11.Http11NioProtocol",
  "message" : "Initializing ProtocolHandler [\"http-nio-8081\"]",
  "endOfBatch" : false,
  "loggerFqcn" : "java.util.logging.Logger",
  "threadId" : 19,
  "threadPriority" : 5,
  "service" : "spotify-clone"
}
{
  "instant" : {
    "epochSecond" : 1714401607,
    "nanoOfSecond" : 183660900
  },
  "thread" : "restartedMain",
  "level" : "INFO",
  "loggerName" : "org.apache.catalina.core.StandardService",
  "message" : "Starting service [Tomcat]",
  "endOfBatch" : false,
  "loggerFqcn" : "java.util.logging.Logger",
  "threadId" : 19,
  "threadPriority" : 5,
  "service" : "spotify-clone"
}
{
  "instant" : {
    "epochSecond" : 1714401607,
    "nanoOfSecond" : 184662900
  },
  "thread" : "restartedMain",
  "level" : "INFO",
  "loggerName" : "org.apache.catalina.core.StandardEngine",
  "message" : "Starting Servlet engine: [Apache Tomcat/10.1.19]",
  "endOfBatch" : false,
  "loggerFqcn" : "java.util.logging.Logger",
  "threadId" : 19,
  "threadPriority" : 5,
  "service" : "spotify-clone"
}
{
  "instant" : {
    "epochSecond" : 1714401607,
    "nanoOfSecond" : 257663600
  },
  "thread" : "restartedMain",
  "level" : "INFO",
  "loggerName" : "org.apache.catalina.core.ContainerBase.[Tomcat].[localhost].[/]",
  "message" : "Initializing Spring embedded WebApplicationContext",
  "endOfBatch" : false,
  "loggerFqcn" : "java.util.logging.Logger",
  "threadId" : 19,
  "threadPriority" : 5,
  "service" : "spotify-clone"
}
{
  "instant" : {
    "epochSecond" : 1714401607,
    "nanoOfSecond" : 262684800
  },
  "thread" : "restartedMain",
  "level" : "INFO",
  "loggerName" : "org.springframework.boot.web.servlet.context.ServletWebServerApplicationContext",
  "message" : "Root WebApplicationContext: initialization completed in 2208 ms",
  "endOfBatch" : false,
  "loggerFqcn" : "org.apache.commons.logging.LogAdapter$Log4jLog",
  "threadId" : 19,
  "threadPriority" : 5,
  "service" : "spotify-clone"
}
{
  "instant" : {
    "epochSecond" : 1714401607,
    "nanoOfSecond" : 324664700
  },
  "thread" : "restartedMain",
  "level" : "INFO",
  "loggerName" : "com.zaxxer.hikari.HikariDataSource",
  "message" : "HikariPool-1 - Starting...",
  "endOfBatch" : false,
  "loggerFqcn" : "org.apache.logging.slf4j.Log4jLogger",
  "threadId" : 19,
  "threadPriority" : 5,
  "service" : "spotify-clone"
}
{
  "instant" : {
    "epochSecond" : 1714401607,
    "nanoOfSecond" : 531662900
  },
  "thread" : "restartedMain",
  "level" : "INFO",
  "loggerName" : "com.zaxxer.hikari.pool.HikariPool",
  "message" : "HikariPool-1 - Added connection com.mysql.cj.jdbc.ConnectionImpl@682cdb5c",
  "endOfBatch" : false,
  "loggerFqcn" : "org.apache.logging.slf4j.Log4jLogger",
  "threadId" : 19,
  "threadPriority" : 5,
  "service" : "spotify-clone"
}
{
  "instant" : {
    "epochSecond" : 1714401607,
    "nanoOfSecond" : 534670600
  },
  "thread" : "restartedMain",
  "level" : "INFO",
  "loggerName" : "com.zaxxer.hikari.HikariDataSource",
  "message" : "HikariPool-1 - Start completed.",
  "endOfBatch" : false,
  "loggerFqcn" : "org.apache.logging.slf4j.Log4jLogger",
  "threadId" : 19,
  "threadPriority" : 5,
  "service" : "spotify-clone"
}
{
  "instant" : {
    "epochSecond" : 1714401607,
    "nanoOfSecond" : 546665800
  },
  "thread" : "restartedMain",
  "level" : "INFO",
  "loggerName" : "org.springframework.boot.autoconfigure.h2.H2ConsoleAutoConfiguration",
  "message" : "H2 console available at '/h2-console'. Database available at 'jdbc:mysql://localhost:3306/dbspotify?createDatabaseIfNotExist=true'",
  "endOfBatch" : false,
  "loggerFqcn" : "org.apache.commons.logging.LogAdapter$Log4jLog",
  "threadId" : 19,
  "threadPriority" : 5,
  "service" : "spotify-clone"
}
{
  "instant" : {
    "epochSecond" : 1714401607,
    "nanoOfSecond" : 693662100
  },
  "thread" : "restartedMain",
  "level" : "INFO",
  "loggerName" : "org.hibernate.jpa.internal.util.LogHelper",
  "message" : "HHH000204: Processing PersistenceUnitInfo [name: default]",
  "endOfBatch" : false,
  "loggerFqcn" : "org.hibernate.internal.EntityManagerMessageLogger_$logger",
  "threadId" : 19,
  "threadPriority" : 5,
  "service" : "spotify-clone"
}
{
  "instant" : {
    "epochSecond" : 1714401607,
    "nanoOfSecond" : 795661700
  },
  "thread" : "restartedMain",
  "level" : "INFO",
  "loggerName" : "org.hibernate.Version",
  "message" : "HHH000412: Hibernate ORM core version 6.4.4.Final",
  "endOfBatch" : false,
  "loggerFqcn" : "org.hibernate.internal.CoreMessageLogger_$logger",
  "threadId" : 19,
  "threadPriority" : 5,
  "service" : "spotify-clone"
}
{
  "instant" : {
    "epochSecond" : 1714401607,
    "nanoOfSecond" : 856661900
  },
  "thread" : "restartedMain",
  "level" : "INFO",
  "loggerName" : "org.hibernate.cache.internal.RegionFactoryInitiator",
  "message" : "HHH000026: Second-level cache disabled",
  "endOfBatch" : false,
  "loggerFqcn" : "org.hibernate.internal.CoreMessageLogger_$logger",
  "threadId" : 19,
  "threadPriority" : 5,
  "service" : "spotify-clone"
}
{
  "instant" : {
    "epochSecond" : 1714401608,
    "nanoOfSecond" : 153662200
  },
  "thread" : "restartedMain",
  "level" : "INFO",
  "loggerName" : "org.springframework.orm.jpa.persistenceunit.SpringPersistenceUnitInfo",
  "message" : "No LoadTimeWeaver setup: ignoring JPA class transformer",
  "endOfBatch" : false,
  "loggerFqcn" : "org.apache.commons.logging.LogAdapter$Log4jLog",
  "threadId" : 19,
  "threadPriority" : 5,
  "service" : "spotify-clone"
}
{
  "instant" : {
    "epochSecond" : 1714401608,
    "nanoOfSecond" : 246669000
  },
  "thread" : "restartedMain",
  "level" : "WARN",
  "loggerName" : "org.hibernate.dialect.Dialect",
  "message" : "HHH000511: The 5.5.0 version for [org.hibernate.dialect.MySQLDialect] is no longer supported, hence certain features may not work properly. The minimum supported version is 8.0.0. Check the community dialects project for available legacy versions.",
  "endOfBatch" : false,
  "loggerFqcn" : "org.hibernate.internal.CoreMessageLogger_$logger",
  "threadId" : 19,
  "threadPriority" : 5,
  "service" : "spotify-clone"
}
{
  "instant" : {
    "epochSecond" : 1714401609,
    "nanoOfSecond" : 336665900
  },
  "thread" : "restartedMain",
  "level" : "INFO",
  "loggerName" : "org.hibernate.engine.transaction.jta.platform.internal.JtaPlatformInitiator",
  "message" : "HHH000489: No JTA platform available (set 'hibernate.transaction.jta.platform' to enable JTA platform integration)",
  "endOfBatch" : false,
  "loggerFqcn" : "org.hibernate.internal.CoreMessageLogger_$logger",
  "threadId" : 19,
  "threadPriority" : 5,
  "service" : "spotify-clone"
}
{
  "instant" : {
    "epochSecond" : 1714401609,
    "nanoOfSecond" : 396662900
  },
  "thread" : "restartedMain",
  "level" : "INFO",
  "loggerName" : "org.springframework.orm.jpa.LocalContainerEntityManagerFactoryBean",
  "message" : "Initialized JPA EntityManagerFactory for persistence unit 'default'",
  "endOfBatch" : false,
  "loggerFqcn" : "org.apache.commons.logging.LogAdapter$Log4jLog",
  "threadId" : 19,
  "threadPriority" : 5,
  "service" : "spotify-clone"
}
{
  "instant" : {
    "epochSecond" : 1714401609,
    "nanoOfSecond" : 997663200
  },
  "thread" : "restartedMain",
  "level" : "WARN",
  "loggerName" : "org.springframework.boot.autoconfigure.orm.jpa.JpaBaseConfiguration$JpaWebConfiguration",
  "message" : "spring.jpa.open-in-view is enabled by default. Therefore, database queries may be performed during view rendering. Explicitly configure spring.jpa.open-in-view to disable this warning",
  "endOfBatch" : false,
  "loggerFqcn" : "org.apache.commons.logging.LogAdapter$Log4jLog",
  "threadId" : 19,
  "threadPriority" : 5,
  "service" : "spotify-clone"
}
{
  "instant" : {
    "epochSecond" : 1714401610,
    "nanoOfSecond" : 324662800
  },
  "thread" : "restartedMain",
  "level" : "INFO",
  "loggerName" : "org.springframework.security.web.DefaultSecurityFilterChain",
  "message" : "Will secure any request with [org.springframework.security.web.session.DisableEncodeUrlFilter@7ab894ba, org.springframework.security.web.context.request.async.WebAsyncManagerIntegrationFilter@6f4878fe, org.springframework.security.web.context.SecurityContextHolderFilter@48f7a775, org.springframework.security.web.header.HeaderWriterFilter@63084a13, org.springframework.web.filter.CorsFilter@6ef3147, org.springframework.security.web.authentication.logout.LogoutFilter@5a32e2b8, com.projects.spotifyclone.security.JwtFilter@3b54937c, org.springframework.security.web.savedrequest.RequestCacheAwareFilter@58439e0a, org.springframework.security.web.servletapi.SecurityContextHolderAwareRequestFilter@46ca7e39, org.springframework.security.web.authentication.AnonymousAuthenticationFilter@13b6347e, org.springframework.security.web.session.SessionManagementFilter@4b019a43, org.springframework.security.web.access.ExceptionTranslationFilter@12b13f61, org.springframework.security.web.access.intercept.AuthorizationFilter@3c153e05]",
  "endOfBatch" : false,
  "loggerFqcn" : "org.apache.commons.logging.LogAdapter$Log4jLog",
  "threadId" : 19,
  "threadPriority" : 5,
  "service" : "spotify-clone"
}
{
  "instant" : {
    "epochSecond" : 1714401610,
    "nanoOfSecond" : 735662600
  },
  "thread" : "restartedMain",
  "level" : "INFO",
  "loggerName" : "org.springframework.boot.devtools.autoconfigure.OptionalLiveReloadServer",
  "message" : "LiveReload server is running on port 35729",
  "endOfBatch" : false,
  "loggerFqcn" : "org.apache.commons.logging.LogAdapter$Log4jLog",
  "threadId" : 19,
  "threadPriority" : 5,
  "service" : "spotify-clone"
}
{
  "instant" : {
    "epochSecond" : 1714401610,
    "nanoOfSecond" : 760667200
  },
  "thread" : "restartedMain",
  "level" : "INFO",
  "loggerName" : "org.apache.coyote.http11.Http11NioProtocol",
  "message" : "Starting ProtocolHandler [\"http-nio-8081\"]",
  "endOfBatch" : false,
  "loggerFqcn" : "java.util.logging.Logger",
  "threadId" : 19,
  "threadPriority" : 5,
  "service" : "spotify-clone"
}
{
  "instant" : {
    "epochSecond" : 1714401610,
    "nanoOfSecond" : 783663300
  },
  "thread" : "restartedMain",
  "level" : "INFO",
  "loggerName" : "org.springframework.boot.web.embedded.tomcat.TomcatWebServer",
  "message" : "Tomcat started on port 8081 (http) with context path ''",
  "endOfBatch" : false,
  "loggerFqcn" : "org.apache.commons.logging.LogAdapter$Log4jLog",
  "threadId" : 19,
  "threadPriority" : 5,
  "service" : "spotify-clone"
}
{
  "instant" : {
    "epochSecond" : 1714401610,
    "nanoOfSecond" : 798659100
  },
  "thread" : "restartedMain",
  "level" : "INFO",
  "loggerName" : "com.projects.spotifyclone.SpotifycloneApplication",
  "message" : "Started SpotifycloneApplication in 6.634 seconds (process running for 10.092)",
  "endOfBatch" : false,
  "loggerFqcn" : "org.apache.commons.logging.LogAdapter$Log4jLog",
  "threadId" : 19,
  "threadPriority" : 5,
  "service" : "spotify-clone"
}
{
  "instant" : {
    "epochSecond" : 1714401632,
    "nanoOfSecond" : 334787800
  },
  "thread" : "http-nio-8081-exec-1",
  "level" : "INFO",
  "loggerName" : "org.apache.catalina.core.ContainerBase.[Tomcat].[localhost].[/]",
  "message" : "Initializing Spring DispatcherServlet 'dispatcherServlet'",
  "endOfBatch" : false,
  "loggerFqcn" : "java.util.logging.Logger",
  "threadId" : 32,
  "threadPriority" : 5,
  "service" : "spotify-clone"
}
{
  "instant" : {
    "epochSecond" : 1714401632,
    "nanoOfSecond" : 335788900
  },
  "thread" : "http-nio-8081-exec-1",
  "level" : "INFO",
  "loggerName" : "org.springframework.web.servlet.DispatcherServlet",
  "message" : "Initializing Servlet 'dispatcherServlet'",
  "endOfBatch" : false,
  "loggerFqcn" : "org.apache.commons.logging.LogAdapter$Log4jLog",
  "threadId" : 32,
  "threadPriority" : 5,
  "service" : "spotify-clone"
}
{
  "instant" : {
    "epochSecond" : 1714401632,
    "nanoOfSecond" : 338790400
  },
  "thread" : "http-nio-8081-exec-1",
  "level" : "INFO",
  "loggerName" : "org.springframework.web.servlet.DispatcherServlet",
  "message" : "Completed initialization in 3 ms",
  "endOfBatch" : false,
  "loggerFqcn" : "org.apache.commons.logging.LogAdapter$Log4jLog",
  "threadId" : 32,
  "threadPriority" : 5,
  "service" : "spotify-clone"
}
{
  "instant" : {
    "epochSecond" : 1714401645,
    "nanoOfSecond" : 948762900
  },
  "thread" : "SpringApplicationShutdownHook",
  "level" : "INFO",
  "loggerName" : "org.springframework.orm.jpa.LocalContainerEntityManagerFactoryBean",
  "message" : "Closing JPA EntityManagerFactory for persistence unit 'default'",
  "endOfBatch" : false,
  "loggerFqcn" : "org.apache.commons.logging.LogAdapter$Log4jLog",
  "threadId" : 20,
  "threadPriority" : 5,
  "service" : "spotify-clone"
}
{
  "instant" : {
    "epochSecond" : 1714401645,
    "nanoOfSecond" : 952767900
  },
  "thread" : "SpringApplicationShutdownHook",
  "level" : "INFO",
  "loggerName" : "com.zaxxer.hikari.HikariDataSource",
  "message" : "HikariPool-1 - Shutdown initiated...",
  "endOfBatch" : false,
  "loggerFqcn" : "org.apache.logging.slf4j.Log4jLogger",
  "threadId" : 20,
  "threadPriority" : 5,
  "service" : "spotify-clone"
}
{
  "instant" : {
    "epochSecond" : 1714401645,
    "nanoOfSecond" : 961768600
  },
  "thread" : "SpringApplicationShutdownHook",
  "level" : "INFO",
  "loggerName" : "com.zaxxer.hikari.HikariDataSource",
  "message" : "HikariPool-1 - Shutdown completed.",
  "endOfBatch" : false,
  "loggerFqcn" : "org.apache.logging.slf4j.Log4jLogger",
  "threadId" : 20,
  "threadPriority" : 5,
  "service" : "spotify-clone"
}
